# JRE version: Java(TM) SE Runtime Environment (8.0_201-b09) (build 1.8.0_201-b09)
# Java VM: Java HotSpot(TM) 64-Bit Server VM (25.201-b09 mixed mode windows-amd64 compressed oops)
Heap:
 PSYoungGen      total 18944K, used 10203K [0x00000000eb400000, 0x00000000ec900000, 0x0000000100000000)
  eden space 16384K, 46% used [0x00000000eb400000,0x00000000ebb7d390,0x00000000ec400000)
  from space 2560K, 98% used [0x00000000ec680000,0x00000000ec8f9908,0x00000000ec900000)
  to   space 2560K, 0% used [0x00000000ec400000,0x00000000ec400000,0x00000000ec680000)
 ParOldGen       total 44032K, used 1148K [0x00000000c1c00000, 0x00000000c4700000, 0x00000000eb400000)
  object space 44032K, 2% used [0x00000000c1c00000,0x00000000c1d1f020,0x00000000c4700000)
 Metaspace       used 12666K, capacity 13086K, committed 13440K, reserved 1060864K
  class space    used 1705K, capacity 1821K, committed 1920K, reserved 1048576K
GC Heap History (4 events):
Event: 9.290 GC heap before
{Heap before GC invocations=1 (full 0):
 PSYoungGen      total 18944K, used 16384K [0x00000000eb400000, 0x00000000ec900000, 0x0000000100000000)
  eden space 16384K, 100% used [0x00000000eb400000,0x00000000ec400000,0x00000000ec400000)
  from space 2560K, 0% used [0x00000000ec680000,0x00000000ec680000,0x00000000ec900000)
  to   space 2560K, 0% used [0x00000000ec400000,0x00000000ec400000,0x00000000ec680000)
 ParOldGen       total 44032K, used 0K [0x00000000c1c00000, 0x00000000c4700000, 0x00000000eb400000)
  object space 44032K, 0% used [0x00000000c1c00000,0x00000000c1c00000,0x00000000c4700000)
 Metaspace       used 6772K, capacity 7012K, committed 7040K, reserved 1056768K
  class space    used 754K, capacity 868K, committed 896K, reserved 1048576K
Event: 9.299 GC heap after
Heap after GC invocations=1 (full 0):
 PSYoungGen      total 18944K, used 2538K [0x00000000eb400000, 0x00000000ec900000, 0x0000000100000000)
  eden space 16384K, 0% used [0x00000000eb400000,0x00000000eb400000,0x00000000ec400000)
  from space 2560K, 99% used [0x00000000ec400000,0x00000000ec67a8f8,0x00000000ec680000)
  to   space 2560K, 0% used [0x00000000ec680000,0x00000000ec680000,0x00000000ec900000)
 ParOldGen       total 44032K, used 8K [0x00000000c1c00000, 0x00000000c4700000, 0x00000000eb400000)
  object space 44032K, 0% used [0x00000000c1c00000,0x00000000c1c02000,0x00000000c4700000)
 Metaspace       used 6772K, capacity 7012K, committed 7040K, reserved 1056768K
  class space    used 754K, capacity 868K, committed 896K, reserved 1048576K
}
Event: 253.576 GC heap before
{Heap before GC invocations=2 (full 0):
 PSYoungGen      total 18944K, used 18228K [0x00000000eb400000, 0x00000000ec900000, 0x0000000100000000)
  eden space 16384K, 95% used [0x00000000eb400000,0x00000000ec3529f8,0x00000000ec400000)
  from space 2560K, 99% used [0x00000000ec400000,0x00000000ec67a8f8,0x00000000ec680000)
  to   space 2560K, 0% used [0x00000000ec680000,0x00000000ec680000,0x00000000ec900000)
 ParOldGen       total 44032K, used 8K [0x00000000c1c00000, 0x00000000c4700000, 0x00000000eb400000)
  object space 44032K, 0% used [0x00000000c1c00000,0x00000000c1c02000,0x00000000c4700000)
 Metaspace       used 12042K, capacity 12454K, committed 12544K, reserved 1060864K
  class space    used 1623K, capacity 1739K, committed 1792K, reserved 1048576K
Event: 253.592 GC heap after
Heap after GC invocations=2 (full 0):
 PSYoungGen      total 18944K, used 2534K [0x00000000eb400000, 0x00000000ec900000, 0x0000000100000000)
  eden space 16384K, 0% used [0x00000000eb400000,0x00000000eb400000,0x00000000ec400000)
  from space 2560K, 98% used [0x00000000ec680000,0x00000000ec8f9908,0x00000000ec900000)
  to   space 2560K, 0% used [0x00000000ec400000,0x00000000ec400000,0x00000000ec680000)
 ParOldGen       total 44032K, used 1148K [0x00000000c1c00000, 0x00000000c4700000, 0x00000000eb400000)
  object space 44032K, 2% used [0x00000000c1c00000,0x00000000c1d1f020,0x00000000c4700000)
 Metaspace       used 12042K, capacity 12454K, committed 12544K, reserved 1060864K
  class space    used 1623K, capacity 1739K, committed 1792K, reserved 1048576K
}

